Determining if the pthread_create exist failed with the following output:
Change Dir: /home/rsa/rsa_drone/build/CMakeFiles/CMakeTmp

Run Build Command:/usr/bin/make "cmTryCompileExec3301417906/fast"
/usr/bin/make -f CMakeFiles/cmTryCompileExec3301417906.dir/build.make CMakeFiles/cmTryCompileExec3301417906.dir/build
make[1]: Entering directory `/home/rsa/rsa_drone/build/CMakeFiles/CMakeTmp'
/usr/bin/cmake -E cmake_progress_report /home/rsa/rsa_drone/build/CMakeFiles/CMakeTmp/CMakeFiles 1
Building C object CMakeFiles/cmTryCompileExec3301417906.dir/CheckSymbolExists.c.o
/usr/bin/cc    -o CMakeFiles/cmTryCompileExec3301417906.dir/CheckSymbolExists.c.o   -c /home/rsa/rsa_drone/build/CMakeFiles/CMakeTmp/CheckSymbolExists.c
Linking C executable cmTryCompileExec3301417906
/usr/bin/cmake -E cmake_link_script CMakeFiles/cmTryCompileExec3301417906.dir/link.txt --verbose=1
/usr/bin/cc       CMakeFiles/cmTryCompileExec3301417906.dir/CheckSymbolExists.c.o  -o cmTryCompileExec3301417906 -rdynamic 
CMakeFiles/cmTryCompileExec3301417906.dir/CheckSymbolExists.c.o: In function `main':
CheckSymbolExists.c:(.text+0x16): undefined reference to `pthread_create'
collect2: error: ld returned 1 exit status
make[1]: Leaving directory `/home/rsa/rsa_drone/build/CMakeFiles/CMakeTmp'
make[1]: *** [cmTryCompileExec3301417906] Error 1
make: *** [cmTryCompileExec3301417906/fast] Error 2

File /home/rsa/rsa_drone/build/CMakeFiles/CMakeTmp/CheckSymbolExists.c:
/* */
#include <pthread.h>

int main(int argc, char** argv)
{
  (void)argv;
#ifndef pthread_create
  return ((int*)(&pthread_create))[argc];
#else
  (void)argc;
  return 0;
#endif
}

Determining if the function pthread_create exists in the pthreads failed with the following output:
Change Dir: /home/rsa/rsa_drone/build/CMakeFiles/CMakeTmp

Run Build Command:/usr/bin/make "cmTryCompileExec632529778/fast"
/usr/bin/make -f CMakeFiles/cmTryCompileExec632529778.dir/build.make CMakeFiles/cmTryCompileExec632529778.dir/build
make[1]: Entering directory `/home/rsa/rsa_drone/build/CMakeFiles/CMakeTmp'
/usr/bin/cmake -E cmake_progress_report /home/rsa/rsa_drone/build/CMakeFiles/CMakeTmp/CMakeFiles 1
Building C object CMakeFiles/cmTryCompileExec632529778.dir/CheckFunctionExists.c.o
/usr/bin/cc   -DCHECK_FUNCTION_EXISTS=pthread_create   -o CMakeFiles/cmTryCompileExec632529778.dir/CheckFunctionExists.c.o   -c /usr/share/cmake-2.8/Modules/CheckFunctionExists.c
Linking C executable cmTryCompileExec632529778
/usr/bin/cmake -E cmake_link_script CMakeFiles/cmTryCompileExec632529778.dir/link.txt --verbose=1
/usr/bin/cc   -DCHECK_FUNCTION_EXISTS=pthread_create    CMakeFiles/cmTryCompileExec632529778.dir/CheckFunctionExists.c.o  -o cmTryCompileExec632529778 -rdynamic -lpthreads 
/usr/bin/ld: cannot find -lpthreads
collect2: error: ld returned 1 exit status
make[1]: Leaving directory `/home/rsa/rsa_drone/build/CMakeFiles/CMakeTmp'
make[1]: *** [cmTryCompileExec632529778] Error 1
make: *** [cmTryCompileExec632529778/fast] Error 2


